<?xml version="1.0" encoding="UTF-8"?>
<testsuite xmlns:xsi="http://www.w3.org/2001/XMLSchema-instance" xsi:noNamespaceSchemaLocation="https://maven.apache.org/surefire/maven-surefire-plugin/xsd/surefire-test-report.xsd" name="uedson.reis.tests.ReservationServiceTest" time="7.661" tests="61" errors="0" skipped="0" failures="0">
  <properties>
    <property name="awt.toolkit" value="sun.lwawt.macosx.LWCToolkit"/>
    <property name="java.specification.version" value="12"/>
    <property name="sun.jnu.encoding" value="UTF-8"/>
    <property name="java.class.path" value="/Users/uedsonreis/Documents/Projetos/workspace/campsite-booking-manager/target/test-classes:/Users/uedsonreis/Documents/Projetos/workspace/campsite-booking-manager/target/classes:/Users/uedsonreis/.m2/repository/org/springframework/boot/spring-boot-starter-web/2.1.6.RELEASE/spring-boot-starter-web-2.1.6.RELEASE.jar:/Users/uedsonreis/.m2/repository/org/springframework/boot/spring-boot-starter/2.1.6.RELEASE/spring-boot-starter-2.1.6.RELEASE.jar:/Users/uedsonreis/.m2/repository/org/springframework/boot/spring-boot/2.1.6.RELEASE/spring-boot-2.1.6.RELEASE.jar:/Users/uedsonreis/.m2/repository/org/springframework/boot/spring-boot-autoconfigure/2.1.6.RELEASE/spring-boot-autoconfigure-2.1.6.RELEASE.jar:/Users/uedsonreis/.m2/repository/org/springframework/boot/spring-boot-starter-logging/2.1.6.RELEASE/spring-boot-starter-logging-2.1.6.RELEASE.jar:/Users/uedsonreis/.m2/repository/ch/qos/logback/logback-classic/1.2.3/logback-classic-1.2.3.jar:/Users/uedsonreis/.m2/repository/ch/qos/logback/logback-core/1.2.3/logback-core-1.2.3.jar:/Users/uedsonreis/.m2/repository/org/apache/logging/log4j/log4j-to-slf4j/2.11.2/log4j-to-slf4j-2.11.2.jar:/Users/uedsonreis/.m2/repository/org/apache/logging/log4j/log4j-api/2.11.2/log4j-api-2.11.2.jar:/Users/uedsonreis/.m2/repository/org/slf4j/jul-to-slf4j/1.7.26/jul-to-slf4j-1.7.26.jar:/Users/uedsonreis/.m2/repository/javax/annotation/javax.annotation-api/1.3.2/javax.annotation-api-1.3.2.jar:/Users/uedsonreis/.m2/repository/org/yaml/snakeyaml/1.23/snakeyaml-1.23.jar:/Users/uedsonreis/.m2/repository/org/springframework/boot/spring-boot-starter-json/2.1.6.RELEASE/spring-boot-starter-json-2.1.6.RELEASE.jar:/Users/uedsonreis/.m2/repository/com/fasterxml/jackson/core/jackson-databind/2.9.9/jackson-databind-2.9.9.jar:/Users/uedsonreis/.m2/repository/com/fasterxml/jackson/core/jackson-annotations/2.9.0/jackson-annotations-2.9.0.jar:/Users/uedsonreis/.m2/repository/com/fasterxml/jackson/core/jackson-core/2.9.9/jackson-core-2.9.9.jar:/Users/uedsonreis/.m2/repository/com/fasterxml/jackson/datatype/jackson-datatype-jdk8/2.9.9/jackson-datatype-jdk8-2.9.9.jar:/Users/uedsonreis/.m2/repository/com/fasterxml/jackson/datatype/jackson-datatype-jsr310/2.9.9/jackson-datatype-jsr310-2.9.9.jar:/Users/uedsonreis/.m2/repository/com/fasterxml/jackson/module/jackson-module-parameter-names/2.9.9/jackson-module-parameter-names-2.9.9.jar:/Users/uedsonreis/.m2/repository/org/springframework/boot/spring-boot-starter-tomcat/2.1.6.RELEASE/spring-boot-starter-tomcat-2.1.6.RELEASE.jar:/Users/uedsonreis/.m2/repository/org/apache/tomcat/embed/tomcat-embed-core/9.0.21/tomcat-embed-core-9.0.21.jar:/Users/uedsonreis/.m2/repository/org/apache/tomcat/embed/tomcat-embed-el/9.0.21/tomcat-embed-el-9.0.21.jar:/Users/uedsonreis/.m2/repository/org/apache/tomcat/embed/tomcat-embed-websocket/9.0.21/tomcat-embed-websocket-9.0.21.jar:/Users/uedsonreis/.m2/repository/org/hibernate/validator/hibernate-validator/6.0.17.Final/hibernate-validator-6.0.17.Final.jar:/Users/uedsonreis/.m2/repository/javax/validation/validation-api/2.0.1.Final/validation-api-2.0.1.Final.jar:/Users/uedsonreis/.m2/repository/org/jboss/logging/jboss-logging/3.3.2.Final/jboss-logging-3.3.2.Final.jar:/Users/uedsonreis/.m2/repository/com/fasterxml/classmate/1.4.0/classmate-1.4.0.jar:/Users/uedsonreis/.m2/repository/org/springframework/spring-web/5.1.8.RELEASE/spring-web-5.1.8.RELEASE.jar:/Users/uedsonreis/.m2/repository/org/springframework/spring-beans/5.1.8.RELEASE/spring-beans-5.1.8.RELEASE.jar:/Users/uedsonreis/.m2/repository/org/springframework/spring-webmvc/5.1.8.RELEASE/spring-webmvc-5.1.8.RELEASE.jar:/Users/uedsonreis/.m2/repository/org/springframework/spring-aop/5.1.8.RELEASE/spring-aop-5.1.8.RELEASE.jar:/Users/uedsonreis/.m2/repository/org/springframework/spring-context/5.1.8.RELEASE/spring-context-5.1.8.RELEASE.jar:/Users/uedsonreis/.m2/repository/org/springframework/spring-expression/5.1.8.RELEASE/spring-expression-5.1.8.RELEASE.jar:/Users/uedsonreis/.m2/repository/org/springframework/boot/spring-boot-starter-data-jpa/2.1.6.RELEASE/spring-boot-starter-data-jpa-2.1.6.RELEASE.jar:/Users/uedsonreis/.m2/repository/org/springframework/boot/spring-boot-starter-aop/2.1.6.RELEASE/spring-boot-starter-aop-2.1.6.RELEASE.jar:/Users/uedsonreis/.m2/repository/org/aspectj/aspectjweaver/1.9.4/aspectjweaver-1.9.4.jar:/Users/uedsonreis/.m2/repository/org/springframework/boot/spring-boot-starter-jdbc/2.1.6.RELEASE/spring-boot-starter-jdbc-2.1.6.RELEASE.jar:/Users/uedsonreis/.m2/repository/com/zaxxer/HikariCP/3.2.0/HikariCP-3.2.0.jar:/Users/uedsonreis/.m2/repository/org/springframework/spring-jdbc/5.1.8.RELEASE/spring-jdbc-5.1.8.RELEASE.jar:/Users/uedsonreis/.m2/repository/javax/transaction/javax.transaction-api/1.3/javax.transaction-api-1.3.jar:/Users/uedsonreis/.m2/repository/javax/xml/bind/jaxb-api/2.3.1/jaxb-api-2.3.1.jar:/Users/uedsonreis/.m2/repository/javax/activation/javax.activation-api/1.2.0/javax.activation-api-1.2.0.jar:/Users/uedsonreis/.m2/repository/org/hibernate/hibernate-core/5.3.10.Final/hibernate-core-5.3.10.Final.jar:/Users/uedsonreis/.m2/repository/javax/persistence/javax.persistence-api/2.2/javax.persistence-api-2.2.jar:/Users/uedsonreis/.m2/repository/org/javassist/javassist/3.23.2-GA/javassist-3.23.2-GA.jar:/Users/uedsonreis/.m2/repository/net/bytebuddy/byte-buddy/1.9.13/byte-buddy-1.9.13.jar:/Users/uedsonreis/.m2/repository/antlr/antlr/2.7.7/antlr-2.7.7.jar:/Users/uedsonreis/.m2/repository/org/jboss/jandex/2.0.5.Final/jandex-2.0.5.Final.jar:/Users/uedsonreis/.m2/repository/org/dom4j/dom4j/2.1.1/dom4j-2.1.1.jar:/Users/uedsonreis/.m2/repository/org/hibernate/common/hibernate-commons-annotations/5.0.4.Final/hibernate-commons-annotations-5.0.4.Final.jar:/Users/uedsonreis/.m2/repository/org/springframework/data/spring-data-jpa/2.1.9.RELEASE/spring-data-jpa-2.1.9.RELEASE.jar:/Users/uedsonreis/.m2/repository/org/springframework/data/spring-data-commons/2.1.9.RELEASE/spring-data-commons-2.1.9.RELEASE.jar:/Users/uedsonreis/.m2/repository/org/springframework/spring-orm/5.1.8.RELEASE/spring-orm-5.1.8.RELEASE.jar:/Users/uedsonreis/.m2/repository/org/springframework/spring-tx/5.1.8.RELEASE/spring-tx-5.1.8.RELEASE.jar:/Users/uedsonreis/.m2/repository/org/springframework/spring-aspects/5.1.8.RELEASE/spring-aspects-5.1.8.RELEASE.jar:/Users/uedsonreis/.m2/repository/org/springframework/boot/spring-boot-starter-test/2.1.6.RELEASE/spring-boot-starter-test-2.1.6.RELEASE.jar:/Users/uedsonreis/.m2/repository/org/springframework/boot/spring-boot-test/2.1.6.RELEASE/spring-boot-test-2.1.6.RELEASE.jar:/Users/uedsonreis/.m2/repository/org/springframework/boot/spring-boot-test-autoconfigure/2.1.6.RELEASE/spring-boot-test-autoconfigure-2.1.6.RELEASE.jar:/Users/uedsonreis/.m2/repository/org/assertj/assertj-core/3.11.1/assertj-core-3.11.1.jar:/Users/uedsonreis/.m2/repository/org/mockito/mockito-core/2.23.4/mockito-core-2.23.4.jar:/Users/uedsonreis/.m2/repository/net/bytebuddy/byte-buddy-agent/1.9.13/byte-buddy-agent-1.9.13.jar:/Users/uedsonreis/.m2/repository/org/objenesis/objenesis/2.6/objenesis-2.6.jar:/Users/uedsonreis/.m2/repository/org/hamcrest/hamcrest-core/1.3/hamcrest-core-1.3.jar:/Users/uedsonreis/.m2/repository/org/hamcrest/hamcrest-library/1.3/hamcrest-library-1.3.jar:/Users/uedsonreis/.m2/repository/org/skyscreamer/jsonassert/1.5.0/jsonassert-1.5.0.jar:/Users/uedsonreis/.m2/repository/com/vaadin/external/google/android-json/0.0.20131108.vaadin1/android-json-0.0.20131108.vaadin1.jar:/Users/uedsonreis/.m2/repository/org/springframework/spring-core/5.1.8.RELEASE/spring-core-5.1.8.RELEASE.jar:/Users/uedsonreis/.m2/repository/org/springframework/spring-jcl/5.1.8.RELEASE/spring-jcl-5.1.8.RELEASE.jar:/Users/uedsonreis/.m2/repository/org/springframework/spring-test/5.1.8.RELEASE/spring-test-5.1.8.RELEASE.jar:/Users/uedsonreis/.m2/repository/org/xmlunit/xmlunit-core/2.6.2/xmlunit-core-2.6.2.jar:/Users/uedsonreis/.m2/repository/org/junit/jupiter/junit-jupiter/5.5.2/junit-jupiter-5.5.2.jar:/Users/uedsonreis/.m2/repository/org/junit/jupiter/junit-jupiter-api/5.3.2/junit-jupiter-api-5.3.2.jar:/Users/uedsonreis/.m2/repository/org/opentest4j/opentest4j/1.1.1/opentest4j-1.1.1.jar:/Users/uedsonreis/.m2/repository/org/junit/platform/junit-platform-commons/1.3.2/junit-platform-commons-1.3.2.jar:/Users/uedsonreis/.m2/repository/org/junit/jupiter/junit-jupiter-params/5.3.2/junit-jupiter-params-5.3.2.jar:/Users/uedsonreis/.m2/repository/org/junit/jupiter/junit-jupiter-engine/5.3.2/junit-jupiter-engine-5.3.2.jar:/Users/uedsonreis/.m2/repository/org/junit/platform/junit-platform-launcher/1.3.2/junit-platform-launcher-1.3.2.jar:/Users/uedsonreis/.m2/repository/org/apiguardian/apiguardian-api/1.0.0/apiguardian-api-1.0.0.jar:/Users/uedsonreis/.m2/repository/org/junit/platform/junit-platform-engine/1.3.2/junit-platform-engine-1.3.2.jar:/Users/uedsonreis/.m2/repository/org/postgresql/postgresql/42.2.5/postgresql-42.2.5.jar:/Users/uedsonreis/.m2/repository/com/jayway/jsonpath/json-path/2.4.0/json-path-2.4.0.jar:/Users/uedsonreis/.m2/repository/net/minidev/json-smart/2.3/json-smart-2.3.jar:/Users/uedsonreis/.m2/repository/net/minidev/accessors-smart/1.2/accessors-smart-1.2.jar:/Users/uedsonreis/.m2/repository/org/ow2/asm/asm/5.0.4/asm-5.0.4.jar:/Users/uedsonreis/.m2/repository/org/slf4j/slf4j-api/1.7.26/slf4j-api-1.7.26.jar:"/>
    <property name="java.vm.vendor" value="Oracle Corporation"/>
    <property name="sun.arch.data.model" value="64"/>
    <property name="java.vendor.url" value="https://java.oracle.com/"/>
    <property name="os.name" value="Mac OS X"/>
    <property name="java.vm.specification.version" value="12"/>
    <property name="sun.java.launcher" value="SUN_STANDARD"/>
    <property name="user.country" value="BR"/>
    <property name="sun.boot.library.path" value="/Library/Java/JavaVirtualMachines/jdk-12.0.2.jdk/Contents/Home/lib"/>
    <property name="sun.java.command" value="/Users/uedsonreis/Documents/Projetos/workspace/campsite-booking-manager/target/surefire/surefirebooter7224086119485373001.jar /Users/uedsonreis/Documents/Projetos/workspace/campsite-booking-manager/target/surefire 2019-10-16T15-15-04_684-jvmRun1 surefire15289839418383704885tmp surefire_07856138027246042659tmp"/>
    <property name="http.nonProxyHosts" value="local|*.local|169.254/16|*.169.254/16"/>
    <property name="jdk.debug" value="release"/>
    <property name="surefire.test.class.path" value="/Users/uedsonreis/Documents/Projetos/workspace/campsite-booking-manager/target/test-classes:/Users/uedsonreis/Documents/Projetos/workspace/campsite-booking-manager/target/classes:/Users/uedsonreis/.m2/repository/org/springframework/boot/spring-boot-starter-web/2.1.6.RELEASE/spring-boot-starter-web-2.1.6.RELEASE.jar:/Users/uedsonreis/.m2/repository/org/springframework/boot/spring-boot-starter/2.1.6.RELEASE/spring-boot-starter-2.1.6.RELEASE.jar:/Users/uedsonreis/.m2/repository/org/springframework/boot/spring-boot/2.1.6.RELEASE/spring-boot-2.1.6.RELEASE.jar:/Users/uedsonreis/.m2/repository/org/springframework/boot/spring-boot-autoconfigure/2.1.6.RELEASE/spring-boot-autoconfigure-2.1.6.RELEASE.jar:/Users/uedsonreis/.m2/repository/org/springframework/boot/spring-boot-starter-logging/2.1.6.RELEASE/spring-boot-starter-logging-2.1.6.RELEASE.jar:/Users/uedsonreis/.m2/repository/ch/qos/logback/logback-classic/1.2.3/logback-classic-1.2.3.jar:/Users/uedsonreis/.m2/repository/ch/qos/logback/logback-core/1.2.3/logback-core-1.2.3.jar:/Users/uedsonreis/.m2/repository/org/apache/logging/log4j/log4j-to-slf4j/2.11.2/log4j-to-slf4j-2.11.2.jar:/Users/uedsonreis/.m2/repository/org/apache/logging/log4j/log4j-api/2.11.2/log4j-api-2.11.2.jar:/Users/uedsonreis/.m2/repository/org/slf4j/jul-to-slf4j/1.7.26/jul-to-slf4j-1.7.26.jar:/Users/uedsonreis/.m2/repository/javax/annotation/javax.annotation-api/1.3.2/javax.annotation-api-1.3.2.jar:/Users/uedsonreis/.m2/repository/org/yaml/snakeyaml/1.23/snakeyaml-1.23.jar:/Users/uedsonreis/.m2/repository/org/springframework/boot/spring-boot-starter-json/2.1.6.RELEASE/spring-boot-starter-json-2.1.6.RELEASE.jar:/Users/uedsonreis/.m2/repository/com/fasterxml/jackson/core/jackson-databind/2.9.9/jackson-databind-2.9.9.jar:/Users/uedsonreis/.m2/repository/com/fasterxml/jackson/core/jackson-annotations/2.9.0/jackson-annotations-2.9.0.jar:/Users/uedsonreis/.m2/repository/com/fasterxml/jackson/core/jackson-core/2.9.9/jackson-core-2.9.9.jar:/Users/uedsonreis/.m2/repository/com/fasterxml/jackson/datatype/jackson-datatype-jdk8/2.9.9/jackson-datatype-jdk8-2.9.9.jar:/Users/uedsonreis/.m2/repository/com/fasterxml/jackson/datatype/jackson-datatype-jsr310/2.9.9/jackson-datatype-jsr310-2.9.9.jar:/Users/uedsonreis/.m2/repository/com/fasterxml/jackson/module/jackson-module-parameter-names/2.9.9/jackson-module-parameter-names-2.9.9.jar:/Users/uedsonreis/.m2/repository/org/springframework/boot/spring-boot-starter-tomcat/2.1.6.RELEASE/spring-boot-starter-tomcat-2.1.6.RELEASE.jar:/Users/uedsonreis/.m2/repository/org/apache/tomcat/embed/tomcat-embed-core/9.0.21/tomcat-embed-core-9.0.21.jar:/Users/uedsonreis/.m2/repository/org/apache/tomcat/embed/tomcat-embed-el/9.0.21/tomcat-embed-el-9.0.21.jar:/Users/uedsonreis/.m2/repository/org/apache/tomcat/embed/tomcat-embed-websocket/9.0.21/tomcat-embed-websocket-9.0.21.jar:/Users/uedsonreis/.m2/repository/org/hibernate/validator/hibernate-validator/6.0.17.Final/hibernate-validator-6.0.17.Final.jar:/Users/uedsonreis/.m2/repository/javax/validation/validation-api/2.0.1.Final/validation-api-2.0.1.Final.jar:/Users/uedsonreis/.m2/repository/org/jboss/logging/jboss-logging/3.3.2.Final/jboss-logging-3.3.2.Final.jar:/Users/uedsonreis/.m2/repository/com/fasterxml/classmate/1.4.0/classmate-1.4.0.jar:/Users/uedsonreis/.m2/repository/org/springframework/spring-web/5.1.8.RELEASE/spring-web-5.1.8.RELEASE.jar:/Users/uedsonreis/.m2/repository/org/springframework/spring-beans/5.1.8.RELEASE/spring-beans-5.1.8.RELEASE.jar:/Users/uedsonreis/.m2/repository/org/springframework/spring-webmvc/5.1.8.RELEASE/spring-webmvc-5.1.8.RELEASE.jar:/Users/uedsonreis/.m2/repository/org/springframework/spring-aop/5.1.8.RELEASE/spring-aop-5.1.8.RELEASE.jar:/Users/uedsonreis/.m2/repository/org/springframework/spring-context/5.1.8.RELEASE/spring-context-5.1.8.RELEASE.jar:/Users/uedsonreis/.m2/repository/org/springframework/spring-expression/5.1.8.RELEASE/spring-expression-5.1.8.RELEASE.jar:/Users/uedsonreis/.m2/repository/org/springframework/boot/spring-boot-starter-data-jpa/2.1.6.RELEASE/spring-boot-starter-data-jpa-2.1.6.RELEASE.jar:/Users/uedsonreis/.m2/repository/org/springframework/boot/spring-boot-starter-aop/2.1.6.RELEASE/spring-boot-starter-aop-2.1.6.RELEASE.jar:/Users/uedsonreis/.m2/repository/org/aspectj/aspectjweaver/1.9.4/aspectjweaver-1.9.4.jar:/Users/uedsonreis/.m2/repository/org/springframework/boot/spring-boot-starter-jdbc/2.1.6.RELEASE/spring-boot-starter-jdbc-2.1.6.RELEASE.jar:/Users/uedsonreis/.m2/repository/com/zaxxer/HikariCP/3.2.0/HikariCP-3.2.0.jar:/Users/uedsonreis/.m2/repository/org/springframework/spring-jdbc/5.1.8.RELEASE/spring-jdbc-5.1.8.RELEASE.jar:/Users/uedsonreis/.m2/repository/javax/transaction/javax.transaction-api/1.3/javax.transaction-api-1.3.jar:/Users/uedsonreis/.m2/repository/javax/xml/bind/jaxb-api/2.3.1/jaxb-api-2.3.1.jar:/Users/uedsonreis/.m2/repository/javax/activation/javax.activation-api/1.2.0/javax.activation-api-1.2.0.jar:/Users/uedsonreis/.m2/repository/org/hibernate/hibernate-core/5.3.10.Final/hibernate-core-5.3.10.Final.jar:/Users/uedsonreis/.m2/repository/javax/persistence/javax.persistence-api/2.2/javax.persistence-api-2.2.jar:/Users/uedsonreis/.m2/repository/org/javassist/javassist/3.23.2-GA/javassist-3.23.2-GA.jar:/Users/uedsonreis/.m2/repository/net/bytebuddy/byte-buddy/1.9.13/byte-buddy-1.9.13.jar:/Users/uedsonreis/.m2/repository/antlr/antlr/2.7.7/antlr-2.7.7.jar:/Users/uedsonreis/.m2/repository/org/jboss/jandex/2.0.5.Final/jandex-2.0.5.Final.jar:/Users/uedsonreis/.m2/repository/org/dom4j/dom4j/2.1.1/dom4j-2.1.1.jar:/Users/uedsonreis/.m2/repository/org/hibernate/common/hibernate-commons-annotations/5.0.4.Final/hibernate-commons-annotations-5.0.4.Final.jar:/Users/uedsonreis/.m2/repository/org/springframework/data/spring-data-jpa/2.1.9.RELEASE/spring-data-jpa-2.1.9.RELEASE.jar:/Users/uedsonreis/.m2/repository/org/springframework/data/spring-data-commons/2.1.9.RELEASE/spring-data-commons-2.1.9.RELEASE.jar:/Users/uedsonreis/.m2/repository/org/springframework/spring-orm/5.1.8.RELEASE/spring-orm-5.1.8.RELEASE.jar:/Users/uedsonreis/.m2/repository/org/springframework/spring-tx/5.1.8.RELEASE/spring-tx-5.1.8.RELEASE.jar:/Users/uedsonreis/.m2/repository/org/springframework/spring-aspects/5.1.8.RELEASE/spring-aspects-5.1.8.RELEASE.jar:/Users/uedsonreis/.m2/repository/org/springframework/boot/spring-boot-starter-test/2.1.6.RELEASE/spring-boot-starter-test-2.1.6.RELEASE.jar:/Users/uedsonreis/.m2/repository/org/springframework/boot/spring-boot-test/2.1.6.RELEASE/spring-boot-test-2.1.6.RELEASE.jar:/Users/uedsonreis/.m2/repository/org/springframework/boot/spring-boot-test-autoconfigure/2.1.6.RELEASE/spring-boot-test-autoconfigure-2.1.6.RELEASE.jar:/Users/uedsonreis/.m2/repository/org/assertj/assertj-core/3.11.1/assertj-core-3.11.1.jar:/Users/uedsonreis/.m2/repository/org/mockito/mockito-core/2.23.4/mockito-core-2.23.4.jar:/Users/uedsonreis/.m2/repository/net/bytebuddy/byte-buddy-agent/1.9.13/byte-buddy-agent-1.9.13.jar:/Users/uedsonreis/.m2/repository/org/objenesis/objenesis/2.6/objenesis-2.6.jar:/Users/uedsonreis/.m2/repository/org/hamcrest/hamcrest-core/1.3/hamcrest-core-1.3.jar:/Users/uedsonreis/.m2/repository/org/hamcrest/hamcrest-library/1.3/hamcrest-library-1.3.jar:/Users/uedsonreis/.m2/repository/org/skyscreamer/jsonassert/1.5.0/jsonassert-1.5.0.jar:/Users/uedsonreis/.m2/repository/com/vaadin/external/google/android-json/0.0.20131108.vaadin1/android-json-0.0.20131108.vaadin1.jar:/Users/uedsonreis/.m2/repository/org/springframework/spring-core/5.1.8.RELEASE/spring-core-5.1.8.RELEASE.jar:/Users/uedsonreis/.m2/repository/org/springframework/spring-jcl/5.1.8.RELEASE/spring-jcl-5.1.8.RELEASE.jar:/Users/uedsonreis/.m2/repository/org/springframework/spring-test/5.1.8.RELEASE/spring-test-5.1.8.RELEASE.jar:/Users/uedsonreis/.m2/repository/org/xmlunit/xmlunit-core/2.6.2/xmlunit-core-2.6.2.jar:/Users/uedsonreis/.m2/repository/org/junit/jupiter/junit-jupiter/5.5.2/junit-jupiter-5.5.2.jar:/Users/uedsonreis/.m2/repository/org/junit/jupiter/junit-jupiter-api/5.3.2/junit-jupiter-api-5.3.2.jar:/Users/uedsonreis/.m2/repository/org/opentest4j/opentest4j/1.1.1/opentest4j-1.1.1.jar:/Users/uedsonreis/.m2/repository/org/junit/platform/junit-platform-commons/1.3.2/junit-platform-commons-1.3.2.jar:/Users/uedsonreis/.m2/repository/org/junit/jupiter/junit-jupiter-params/5.3.2/junit-jupiter-params-5.3.2.jar:/Users/uedsonreis/.m2/repository/org/junit/jupiter/junit-jupiter-engine/5.3.2/junit-jupiter-engine-5.3.2.jar:/Users/uedsonreis/.m2/repository/org/junit/platform/junit-platform-launcher/1.3.2/junit-platform-launcher-1.3.2.jar:/Users/uedsonreis/.m2/repository/org/apiguardian/apiguardian-api/1.0.0/apiguardian-api-1.0.0.jar:/Users/uedsonreis/.m2/repository/org/junit/platform/junit-platform-engine/1.3.2/junit-platform-engine-1.3.2.jar:/Users/uedsonreis/.m2/repository/org/postgresql/postgresql/42.2.5/postgresql-42.2.5.jar:/Users/uedsonreis/.m2/repository/com/jayway/jsonpath/json-path/2.4.0/json-path-2.4.0.jar:/Users/uedsonreis/.m2/repository/net/minidev/json-smart/2.3/json-smart-2.3.jar:/Users/uedsonreis/.m2/repository/net/minidev/accessors-smart/1.2/accessors-smart-1.2.jar:/Users/uedsonreis/.m2/repository/org/ow2/asm/asm/5.0.4/asm-5.0.4.jar:/Users/uedsonreis/.m2/repository/org/slf4j/slf4j-api/1.7.26/slf4j-api-1.7.26.jar:"/>
    <property name="sun.cpu.endian" value="little"/>
    <property name="user.home" value="/Users/uedsonreis"/>
    <property name="user.language" value="en"/>
    <property name="java.specification.vendor" value="Oracle Corporation"/>
    <property name="java.version.date" value="2019-07-16"/>
    <property name="java.home" value="/Library/Java/JavaVirtualMachines/jdk-12.0.2.jdk/Contents/Home"/>
    <property name="file.separator" value="/"/>
    <property name="basedir" value="/Users/uedsonreis/Documents/Projetos/workspace/campsite-booking-manager"/>
    <property name="java.vm.compressedOopsMode" value="Zero based"/>
    <property name="line.separator" value="&#10;"/>
    <property name="java.specification.name" value="Java Platform API Specification"/>
    <property name="java.vm.specification.vendor" value="Oracle Corporation"/>
    <property name="java.awt.graphicsenv" value="sun.awt.CGraphicsEnvironment"/>
    <property name="surefire.real.class.path" value="/Users/uedsonreis/Documents/Projetos/workspace/campsite-booking-manager/target/surefire/surefirebooter7224086119485373001.jar"/>
    <property name="sun.management.compiler" value="HotSpot 64-Bit Tiered Compilers"/>
    <property name="ftp.nonProxyHosts" value="local|*.local|169.254/16|*.169.254/16"/>
    <property name="java.runtime.version" value="12.0.2+10"/>
    <property name="user.name" value="uedsonreis"/>
    <property name="path.separator" value=":"/>
    <property name="os.version" value="10.15"/>
    <property name="java.runtime.name" value="Java(TM) SE Runtime Environment"/>
    <property name="file.encoding" value="UTF-8"/>
    <property name="java.vm.name" value="Java HotSpot(TM) 64-Bit Server VM"/>
    <property name="localRepository" value="/Users/uedsonreis/.m2/repository"/>
    <property name="java.vendor.url.bug" value="https://bugreport.java.com/bugreport/"/>
    <property name="java.io.tmpdir" value="/var/folders/0w/11_jl79x5_s4g2pwg4gf7k9c0000gn/T/"/>
    <property name="java.version" value="12.0.2"/>
    <property name="user.dir" value="/Users/uedsonreis/Documents/Projetos/workspace/campsite-booking-manager"/>
    <property name="os.arch" value="x86_64"/>
    <property name="java.vm.specification.name" value="Java Virtual Machine Specification"/>
    <property name="java.library.path" value="/Users/uedsonreis/Library/Java/Extensions:/Library/Java/Extensions:/Network/Library/Java/Extensions:/System/Library/Java/Extensions:/usr/lib/java:."/>
    <property name="java.vm.info" value="mixed mode, sharing"/>
    <property name="java.vendor" value="Oracle Corporation"/>
    <property name="java.vm.version" value="12.0.2+10"/>
    <property name="sun.io.unicode.encoding" value="UnicodeBig"/>
    <property name="socksNonProxyHosts" value="local|*.local|169.254/16|*.169.254/16"/>
    <property name="java.class.version" value="56.0"/>
  </properties>
  <testcase name="testAvailability" classname="uedson.reis.tests.ReservationServiceTest" time="0.448"/>
  <testcase name="testBookingBusyPeriod[1]" classname="uedson.reis.tests.ReservationServiceTest" time="0.024"/>
  <testcase name="testBookingBusyPeriod[3]" classname="uedson.reis.tests.ReservationServiceTest" time="0.018"/>
  <testcase name="testBookingBusyPeriod[6]" classname="uedson.reis.tests.ReservationServiceTest" time="0.006"/>
  <testcase name="testBookingBusyPeriod[4]" classname="uedson.reis.tests.ReservationServiceTest" time="0.017"/>
  <testcase name="testBookingBusyPeriod[5]" classname="uedson.reis.tests.ReservationServiceTest" time="0.009"/>
  <testcase name="testBookingBusyPeriod[11]" classname="uedson.reis.tests.ReservationServiceTest" time="0.034"/>
  <testcase name="testBookingBusyPeriod[8]" classname="uedson.reis.tests.ReservationServiceTest" time="0.002"/>
  <testcase name="testBookingBusyPeriod[14]" classname="uedson.reis.tests.ReservationServiceTest" time="0.021"/>
  <testcase name="testBookingBusyPeriod[7]" classname="uedson.reis.tests.ReservationServiceTest" time="0.024"/>
  <testcase name="testBookingBusyPeriod[2]" classname="uedson.reis.tests.ReservationServiceTest" time="0"/>
  <testcase name="testBookingBusyPeriod[9]" classname="uedson.reis.tests.ReservationServiceTest" time="0.011"/>
  <testcase name="testBookingBusyPeriod[12]" classname="uedson.reis.tests.ReservationServiceTest" time="0.01"/>
  <testcase name="testBookingChangeCancel[5]" classname="uedson.reis.tests.ReservationServiceTest" time="0.032"/>
  <testcase name="testBookingBusyPeriod[10]" classname="uedson.reis.tests.ReservationServiceTest" time="0.009"/>
  <testcase name="testBookingBusyPeriod[16]" classname="uedson.reis.tests.ReservationServiceTest" time="0.011"/>
  <testcase name="testBookingBusyPeriod[21]" classname="uedson.reis.tests.ReservationServiceTest" time="0.131"/>
  <testcase name="testBookingBusyPeriod[13]" classname="uedson.reis.tests.ReservationServiceTest" time="0.006"/>
  <testcase name="testBookingBusyPeriod[15]" classname="uedson.reis.tests.ReservationServiceTest" time="0.032"/>
  <testcase name="testBookingBusyPeriod[17]" classname="uedson.reis.tests.ReservationServiceTest" time="0.008"/>
  <testcase name="testBookingBusyPeriod[18]" classname="uedson.reis.tests.ReservationServiceTest" time="0.004"/>
  <testcase name="testBookingBusyPeriod[22]" classname="uedson.reis.tests.ReservationServiceTest" time="0.107"/>
  <testcase name="testBookingBusyPeriod[19]" classname="uedson.reis.tests.ReservationServiceTest" time="0.005"/>
  <testcase name="testBookingChangeCancel[1]" classname="uedson.reis.tests.ReservationServiceTest" time="0.006"/>
  <testcase name="testBookingChangeCancel[6]" classname="uedson.reis.tests.ReservationServiceTest" time="0.014"/>
  <testcase name="testBookingBusyPeriod[20]" classname="uedson.reis.tests.ReservationServiceTest" time="0.076"/>
  <testcase name="testBookingBusyPeriod[23]" classname="uedson.reis.tests.ReservationServiceTest" time="0.007"/>
  <testcase name="testBookingBusyPeriod[27]" classname="uedson.reis.tests.ReservationServiceTest" time="0.026"/>
  <testcase name="testBookingBusyPeriod[24]" classname="uedson.reis.tests.ReservationServiceTest" time="0.026"/>
  <testcase name="testBookingBusyPeriod[25]" classname="uedson.reis.tests.ReservationServiceTest" time="0.003"/>
  <testcase name="testBookingChangeCancel[2]" classname="uedson.reis.tests.ReservationServiceTest" time="0.012"/>
  <testcase name="testBookingBusyPeriod[26]" classname="uedson.reis.tests.ReservationServiceTest" time="0.001"/>
  <testcase name="testBookingBusyPeriod[28]" classname="uedson.reis.tests.ReservationServiceTest" time="0.077"/>
  <testcase name="testBookingBusyPeriod[29]" classname="uedson.reis.tests.ReservationServiceTest" time="0.02"/>
  <testcase name="testBookingChangeCancel[9]" classname="uedson.reis.tests.ReservationServiceTest" time="0"/>
  <testcase name="testBookingBusyPeriod[30]" classname="uedson.reis.tests.ReservationServiceTest" time="0.046"/>
  <testcase name="testBookingChangeCancel[3]" classname="uedson.reis.tests.ReservationServiceTest" time="0.024"/>
  <testcase name="testBookingChangeCancel[8]" classname="uedson.reis.tests.ReservationServiceTest" time="0.028"/>
  <testcase name="testBookingChangeCancel[12]" classname="uedson.reis.tests.ReservationServiceTest" time="0.016"/>
  <testcase name="testBookingChangeCancel[7]" classname="uedson.reis.tests.ReservationServiceTest" time="0.036"/>
  <testcase name="testBookingChangeCancel[11]" classname="uedson.reis.tests.ReservationServiceTest" time="0.036"/>
  <testcase name="testBookingChangeCancel[17]" classname="uedson.reis.tests.ReservationServiceTest" time="0.012"/>
  <testcase name="testBookingChangeCancel[4]" classname="uedson.reis.tests.ReservationServiceTest" time="0.004"/>
  <testcase name="testBookingChangeCancel[14]" classname="uedson.reis.tests.ReservationServiceTest" time="0.041"/>
  <testcase name="testBookingChangeCancel[10]" classname="uedson.reis.tests.ReservationServiceTest" time="0.023"/>
  <testcase name="testBookingChangeCancel[15]" classname="uedson.reis.tests.ReservationServiceTest" time="0.008"/>
  <testcase name="testBookingChangeCancel[18]" classname="uedson.reis.tests.ReservationServiceTest" time="0.017"/>
  <testcase name="testBookingChangeCancel[13]" classname="uedson.reis.tests.ReservationServiceTest" time="0.018"/>
  <testcase name="testBookingChangeCancel[19]" classname="uedson.reis.tests.ReservationServiceTest" time="0.021"/>
  <testcase name="testBookingChangeCancel[20]" classname="uedson.reis.tests.ReservationServiceTest" time="0.028"/>
  <testcase name="testBookingChangeCancel[16]" classname="uedson.reis.tests.ReservationServiceTest" time="0.064"/>
  <testcase name="testBookingChangeCancel[27]" classname="uedson.reis.tests.ReservationServiceTest" time="0.04"/>
  <testcase name="testBookingChangeCancel[21]" classname="uedson.reis.tests.ReservationServiceTest" time="0.014"/>
  <testcase name="testBookingChangeCancel[23]" classname="uedson.reis.tests.ReservationServiceTest" time="0.009"/>
  <testcase name="testBookingChangeCancel[22]" classname="uedson.reis.tests.ReservationServiceTest" time="0.008"/>
  <testcase name="testBookingChangeCancel[29]" classname="uedson.reis.tests.ReservationServiceTest" time="0.029"/>
  <testcase name="testBookingChangeCancel[25]" classname="uedson.reis.tests.ReservationServiceTest" time="0.027"/>
  <testcase name="testBookingChangeCancel[28]" classname="uedson.reis.tests.ReservationServiceTest" time="0.014"/>
  <testcase name="testBookingChangeCancel[24]" classname="uedson.reis.tests.ReservationServiceTest" time="0.014"/>
  <testcase name="testBookingChangeCancel[26]" classname="uedson.reis.tests.ReservationServiceTest" time="0.032"/>
  <testcase name="testBookingChangeCancel[30]" classname="uedson.reis.tests.ReservationServiceTest" time="0.045"/>
</testsuite>